<?xml version="1.0" encoding="UTF-8"?>
<!-- Generated by org.testng.reporters.JUnitXMLReporter -->
<testsuite ignored="0" hostname="DESKTOP-LOSCQCA" failures="0" tests="5" name="Default test" time="0.068" errors="0" timestamp="28 Jul 2023 07:42:00 GMT">
  <testcase classname="groupTestingPackage.GroupTestingClass" name="tc1" time="0.019"/>
  <testcase classname="groupTestingPackage.GroupTestingClass" name="tc2" time="0.003"/>
  <testcase classname="groupTestingPackage.GroupTestingClass" name="tc3" time="0.002"/>
  <testcase classname="groupTestingPackage.GroupTestingClass" name="tc4" time="0.002"/>
  <testcase classname="groupTestingPackage.GroupTestingClass" name="tc5" time="0.002"/>
</testsuite> <!-- Default test -->
