<?xml version="1.0" encoding="UTF-8"?>
<!-- Generated by org.testng.reporters.JUnitXMLReporter -->
<testsuite ignored="0" hostname="DESKTOP-LOSCQCA" failures="0" tests="5" name="Default test" time="0.066" errors="0" timestamp="31 Jul 2023 18:00:11 GMT">
  <testcase classname="groupTestingPackage.GroupTestingClass" name="tc1" time="0.016"/>
  <testcase classname="groupTestingPackage.GroupTestingClass" name="tc2" time="0.004"/>
  <testcase classname="groupTestingPackage.GroupTestingClass" name="tc3" time="0.002"/>
  <testcase classname="groupTestingPackage.GroupTestingClass" name="tc4" time="0.001"/>
  <testcase classname="groupTestingPackage.GroupTestingClass" name="tc5" time="0.002"/>
</testsuite> <!-- Default test -->
