<?xml version="1.0" encoding="UTF-8"?>
<!-- Generated by org.testng.reporters.JUnitXMLReporter -->
<testsuite ignored="2" hostname="DESKTOP-LOSCQCA" failures="0" tests="3" name="Test" time="0.064" errors="0" timestamp="28 Jul 2023 07:42:50 GMT">
  <testcase classname="groupTestingPackage.GroupTestingClass" name="tc1" time="0.016"/>
  <testcase classname="groupTestingPackage.GroupTestingClass" name="tc2" time="0.002"/>
  <testcase classname="groupTestingPackage.GroupTestingClass" name="tc4" time="0.002"/>
  <testcase classname="groupTestingPackage.GroupTestingClass" name="tc5" time="0.0">
    <ignored/>
  </testcase> <!-- tc5 -->
  <testcase classname="groupTestingPackage.GroupTestingClass" name="tc3" time="0.0">
    <ignored/>
  </testcase> <!-- tc3 -->
</testsuite> <!-- Test -->
