<?xml version="1.0" encoding="UTF-8"?>
<!-- Generated by org.testng.reporters.JUnitXMLReporter -->
<testsuite ignored="3" hostname="DESKTOP-LOSCQCA" failures="0" tests="2" name="Test" time="0.055" errors="0" timestamp="08 Oct 2023 09:26:36 GMT">
  <testcase classname="groupTestingPackage.GroupTestingClass" name="tc2" time="0.014"/>
  <testcase classname="groupTestingPackage.GroupTestingClass" name="tc3" time="0.002"/>
  <testcase classname="groupTestingPackage.GroupTestingClass" name="tc4" time="0.0">
    <ignored/>
  </testcase> <!-- tc4 -->
  <testcase classname="groupTestingPackage.GroupTestingClass" name="tc1" time="0.0">
    <ignored/>
  </testcase> <!-- tc1 -->
  <testcase classname="groupTestingPackage.GroupTestingClass" name="tc5" time="0.0">
    <ignored/>
  </testcase> <!-- tc5 -->
</testsuite> <!-- Test -->
