<?xml version="1.0" encoding="UTF-8"?>
<testng-results ignored="2" total="5" passed="3" failed="0" skipped="0">
  <reporter-output>
  </reporter-output>
  <suite started-at="2023-07-28T07:42:50Z" name="Suite" finished-at="2023-07-28T07:42:50Z" duration-ms="64">
    <groups>
      <group name="CompleteClassLevelTestsGroup">
        <method signature="GroupTestingClass.tc1()[pri:0, instance:groupTestingPackage.GroupTestingClass@4032d386]" name="tc1" class="groupTestingPackage.GroupTestingClass"/>
        <method signature="GroupTestingClass.tc2()[pri:0, instance:groupTestingPackage.GroupTestingClass@4032d386]" name="tc2" class="groupTestingPackage.GroupTestingClass"/>
        <method signature="GroupTestingClass.tc4()[pri:0, instance:groupTestingPackage.GroupTestingClass@4032d386]" name="tc4" class="groupTestingPackage.GroupTestingClass"/>
      </group> <!-- CompleteClassLevelTestsGroup -->
      <group name="smoke">
        <method signature="GroupTestingClass.tc1()[pri:0, instance:groupTestingPackage.GroupTestingClass@4032d386]" name="tc1" class="groupTestingPackage.GroupTestingClass"/>
        <method signature="GroupTestingClass.tc2()[pri:0, instance:groupTestingPackage.GroupTestingClass@4032d386]" name="tc2" class="groupTestingPackage.GroupTestingClass"/>
      </group> <!-- smoke -->
      <group name="sanity">
        <method signature="GroupTestingClass.tc2()[pri:0, instance:groupTestingPackage.GroupTestingClass@4032d386]" name="tc2" class="groupTestingPackage.GroupTestingClass"/>
        <method signature="GroupTestingClass.tc4()[pri:0, instance:groupTestingPackage.GroupTestingClass@4032d386]" name="tc4" class="groupTestingPackage.GroupTestingClass"/>
      </group> <!-- sanity -->
    </groups>
    <test started-at="2023-07-28T07:42:50Z" name="Test" finished-at="2023-07-28T07:42:50Z" duration-ms="64">
      <class name="groupTestingPackage.GroupTestingClass">
        <test-method signature="tc1()[pri:0, instance:groupTestingPackage.GroupTestingClass@4032d386]" started-at="2023-07-28T07:42:50Z" name="tc1" finished-at="2023-07-28T07:42:50Z" duration-ms="16" status="PASS">
          <reporter-output>
          </reporter-output>
        </test-method> <!-- tc1 -->
        <test-method signature="tc2()[pri:0, instance:groupTestingPackage.GroupTestingClass@4032d386]" started-at="2023-07-28T07:42:50Z" name="tc2" finished-at="2023-07-28T07:42:50Z" duration-ms="2" status="PASS">
          <reporter-output>
          </reporter-output>
        </test-method> <!-- tc2 -->
        <test-method signature="tc4()[pri:0, instance:groupTestingPackage.GroupTestingClass@4032d386]" started-at="2023-07-28T07:42:50Z" name="tc4" finished-at="2023-07-28T07:42:50Z" duration-ms="2" status="PASS">
          <reporter-output>
          </reporter-output>
        </test-method> <!-- tc4 -->
      </class> <!-- groupTestingPackage.GroupTestingClass -->
    </test> <!-- Test -->
  </suite> <!-- Suite -->
</testng-results>
