<?xml version="1.0" encoding="UTF-8"?>
<testng-results ignored="3" total="5" passed="2" failed="0" skipped="0">
  <reporter-output>
  </reporter-output>
  <suite started-at="2023-10-08T09:26:36Z" name="Suite" finished-at="2023-10-08T09:26:36Z" duration-ms="55">
    <groups>
      <group name="CompleteClassLevelTestsGroup">
        <method signature="GroupTestingClass.tc2()[pri:0, instance:groupTestingPackage.GroupTestingClass@4032d386]" name="tc2" class="groupTestingPackage.GroupTestingClass"/>
        <method signature="GroupTestingClass.tc3()[pri:0, instance:groupTestingPackage.GroupTestingClass@4032d386]" name="tc3" class="groupTestingPackage.GroupTestingClass"/>
      </group> <!-- CompleteClassLevelTestsGroup -->
      <group name="regression">
        <method signature="GroupTestingClass.tc3()[pri:0, instance:groupTestingPackage.GroupTestingClass@4032d386]" name="tc3" class="groupTestingPackage.GroupTestingClass"/>
      </group> <!-- regression -->
      <group name="smoke">
        <method signature="GroupTestingClass.tc2()[pri:0, instance:groupTestingPackage.GroupTestingClass@4032d386]" name="tc2" class="groupTestingPackage.GroupTestingClass"/>
        <method signature="GroupTestingClass.tc3()[pri:0, instance:groupTestingPackage.GroupTestingClass@4032d386]" name="tc3" class="groupTestingPackage.GroupTestingClass"/>
      </group> <!-- smoke -->
      <group name="sanity">
        <method signature="GroupTestingClass.tc2()[pri:0, instance:groupTestingPackage.GroupTestingClass@4032d386]" name="tc2" class="groupTestingPackage.GroupTestingClass"/>
        <method signature="GroupTestingClass.tc3()[pri:0, instance:groupTestingPackage.GroupTestingClass@4032d386]" name="tc3" class="groupTestingPackage.GroupTestingClass"/>
      </group> <!-- sanity -->
    </groups>
    <test started-at="2023-10-08T09:26:36Z" name="Test" finished-at="2023-10-08T09:26:36Z" duration-ms="55">
      <class name="groupTestingPackage.GroupTestingClass">
        <test-method signature="tc2()[pri:0, instance:groupTestingPackage.GroupTestingClass@4032d386]" started-at="2023-10-08T09:26:36Z" name="tc2" finished-at="2023-10-08T09:26:36Z" duration-ms="14" status="PASS">
          <reporter-output>
          </reporter-output>
        </test-method> <!-- tc2 -->
        <test-method signature="tc3()[pri:0, instance:groupTestingPackage.GroupTestingClass@4032d386]" started-at="2023-10-08T09:26:36Z" name="tc3" finished-at="2023-10-08T09:26:36Z" duration-ms="2" status="PASS">
          <reporter-output>
          </reporter-output>
        </test-method> <!-- tc3 -->
      </class> <!-- groupTestingPackage.GroupTestingClass -->
    </test> <!-- Test -->
  </suite> <!-- Suite -->
</testng-results>
